<?xml version="1.0" encoding="UTF-8"?>
<testng-results ignored="0" total="1" passed="1" failed="0" skipped="0">
  <reporter-output>
  </reporter-output>
  <suite started-at="2022-12-27T14:50:10 IST" name="Default suite" finished-at="2022-12-27T14:50:19 IST" duration-ms="9003">
    <groups>
    </groups>
    <test started-at="2022-12-27T14:50:10 IST" name="Default test" finished-at="2022-12-27T14:50:19 IST" duration-ms="9003">
      <class name="execution.Execute2">
        <test-method signature="getWindow()[pri:0, instance:execution.Execute2@4466af20]" started-at="2022-12-27T14:50:10 IST" name="getWindow" finished-at="2022-12-27T14:50:19 IST" duration-ms="8894" status="PASS">
          <reporter-output>
          </reporter-output>
        </test-method> <!-- getWindow -->
      </class> <!-- execution.Execute2 -->
    </test> <!-- Default test -->
  </suite> <!-- Default suite -->
</testng-results>
